<?xml version="1.0" encoding="UTF-8"?>
<!-- Generated by org.testng.reporters.JUnitReportReporter -->
<testsuite hostname="DESKTOP-DK645B0" failures="0" tests="1" name="dataDriven.Tests.Login" time="2.560" errors="0" timestamp="2022-12-11T16:39:04 IST" skipped="0">
  <testcase classname="dataDriven.Tests.Login" name="login_Errorvalidation" time="2.560"/>
  <system-out/>
</testsuite> <!-- dataDriven.Tests.Login -->
